[0m18:19:57.495308 [debug] [MainThread]: Sending event: {'category': 'dbt', 'action': 'invocation', 'label': 'start', 'context': [<snowplow_tracker.self_describing_json.SelfDescribingJson object at 0x000001EE54C12C10>, <snowplow_tracker.self_describing_json.SelfDescribingJson object at 0x000001EE5596A5B0>, <snowplow_tracker.self_describing_json.SelfDescribingJson object at 0x000001EE5596A3A0>]}


============================== 18:19:57.505941 | ab49c637-c605-4a38-b8bf-99e01f4f2a03 ==============================
[0m18:19:57.505941 [info ] [MainThread]: Running with dbt=1.9.2
[0m18:19:57.506940 [debug] [MainThread]: running dbt with arguments {'printer_width': '80', 'indirect_selection': 'eager', 'log_cache_events': 'False', 'write_json': 'True', 'partial_parse': 'True', 'cache_selected_only': 'False', 'profiles_dir': 'C:\\Users\\olisa\\.dbt', 'fail_fast': 'False', 'debug': 'False', 'log_path': 'logs', 'warn_error': 'None', 'version_check': 'True', 'use_colors': 'True', 'use_experimental_parser': 'False', 'no_print': 'None', 'quiet': 'False', 'empty': 'None', 'log_format': 'default', 'introspect': 'True', 'warn_error_options': 'WarnErrorOptions(include=[], exclude=[])', 'invocation_command': 'dbt init dbt_project', 'target_path': 'None', 'static_parser': 'True', 'send_anonymous_usage_stats': 'True'}
[0m18:19:57.536998 [debug] [MainThread]: Starter project path: C:\Users\olisa\dbt-project\.venv\lib\site-packages\dbt\include\starter_project
[0m18:19:57.556005 [info ] [MainThread]: 
Your new dbt project "dbt_project" was created!

For more information on how to configure the profiles.yml file,
please consult the dbt documentation here:

  https://docs.getdbt.com/docs/configure-your-profile

One more thing:

Need help? Don't hesitate to reach out to us via GitHub issues or on Slack:

  https://community.getdbt.com/

Happy modeling!

[0m18:19:57.556005 [info ] [MainThread]: Setting up your profile.
[0m18:28:15.303109 [info ] [MainThread]: Profile dbt_project written to C:\Users\olisa\.dbt\profiles.yml using target's profile_template.yml and your supplied values. Run 'dbt debug' to validate the connection.
[0m18:28:15.304102 [debug] [MainThread]: Command `dbt init` succeeded at 18:28:15.304102 after 497.91 seconds
[0m18:28:15.305101 [debug] [MainThread]: Sending event: {'category': 'dbt', 'action': 'invocation', 'label': 'end', 'context': [<snowplow_tracker.self_describing_json.SelfDescribingJson object at 0x000001EE54C12C10>, <snowplow_tracker.self_describing_json.SelfDescribingJson object at 0x000001EE5596A340>, <snowplow_tracker.self_describing_json.SelfDescribingJson object at 0x000001EE559B8820>]}
[0m18:28:15.305101 [debug] [MainThread]: Flushing usage events
[0m18:28:15.749309 [debug] [MainThread]: An error was encountered while trying to flush usage events
[0m18:33:32.508364 [debug] [MainThread]: Sending event: {'category': 'dbt', 'action': 'invocation', 'label': 'start', 'context': [<snowplow_tracker.self_describing_json.SelfDescribingJson object at 0x000001EEF1E61C10>, <snowplow_tracker.self_describing_json.SelfDescribingJson object at 0x000001EEF2BBB5B0>, <snowplow_tracker.self_describing_json.SelfDescribingJson object at 0x000001EEF2BBB3A0>]}


============================== 18:33:32.511370 | 6762e79a-f418-4b07-85a2-2013b127f216 ==============================
[0m18:33:32.511370 [info ] [MainThread]: Running with dbt=1.9.2
[0m18:33:32.512370 [debug] [MainThread]: running dbt with arguments {'printer_width': '80', 'indirect_selection': 'eager', 'write_json': 'True', 'log_cache_events': 'False', 'partial_parse': 'True', 'cache_selected_only': 'False', 'profiles_dir': 'C:\\Users\\olisa\\.dbt', 'debug': 'False', 'version_check': 'True', 'log_path': 'logs', 'fail_fast': 'False', 'warn_error': 'None', 'use_colors': 'True', 'use_experimental_parser': 'False', 'no_print': 'None', 'quiet': 'False', 'empty': 'None', 'warn_error_options': 'WarnErrorOptions(include=[], exclude=[])', 'introspect': 'True', 'static_parser': 'True', 'log_format': 'default', 'target_path': 'None', 'invocation_command': 'dbt debug', 'send_anonymous_usage_stats': 'True'}
[0m18:33:32.529437 [info ] [MainThread]: dbt version: 1.9.2
[0m18:33:32.529437 [info ] [MainThread]: python version: 3.9.13
[0m18:33:32.530436 [info ] [MainThread]: python path: C:\Users\olisa\dbt-project\.venv\Scripts\python.exe
[0m18:33:32.531568 [info ] [MainThread]: os info: Windows-10-10.0.26100-SP0
[0m18:33:32.535091 [info ] [MainThread]: Error importing adapter: No module named 'dbt.adapters.postgres'
[0m18:33:33.286003 [info ] [MainThread]: Using profiles dir at C:\Users\olisa\.dbt
[0m18:33:33.287010 [info ] [MainThread]: Using profiles.yml file at C:\Users\olisa\.dbt\profiles.yml
[0m18:33:33.288003 [info ] [MainThread]: Using dbt_project.yml file at C:\Users\olisa\dbt-project\dbt_project.yml
[0m18:33:33.288003 [info ] [MainThread]: Configuration:
[0m18:33:33.289003 [info ] [MainThread]:   profiles.yml file [[31mERROR invalid[0m]
[0m18:33:33.289003 [info ] [MainThread]:   dbt_project.yml file [[31mERROR not found[0m]
[0m18:33:33.290003 [info ] [MainThread]: Required dependencies:
[0m18:33:33.290003 [debug] [MainThread]: Executing "git --help"
[0m18:33:33.346078 [debug] [MainThread]: STDOUT: "b"usage: git [-v | --version] [-h | --help] [-C <path>] [-c <name>=<value>]\n           [--exec-path[=<path>]] [--html-path] [--man-path] [--info-path]\n           [-p | --paginate | -P | --no-pager] [--no-replace-objects] [--no-lazy-fetch]\n           [--no-optional-locks] [--no-advice] [--bare] [--git-dir=<path>]\n           [--work-tree=<path>] [--namespace=<name>] [--config-env=<name>=<envvar>]\n           <command> [<args>]\n\nThese are common Git commands used in various situations:\n\nstart a working area (see also: git help tutorial)\n   clone      Clone a repository into a new directory\n   init       Create an empty Git repository or reinitialize an existing one\n\nwork on the current change (see also: git help everyday)\n   add        Add file contents to the index\n   mv         Move or rename a file, a directory, or a symlink\n   restore    Restore working tree files\n   rm         Remove files from the working tree and from the index\n\nexamine the history and state (see also: git help revisions)\n   bisect     Use binary search to find the commit that introduced a bug\n   diff       Show changes between commits, commit and working tree, etc\n   grep       Print lines matching a pattern\n   log        Show commit logs\n   show       Show various types of objects\n   status     Show the working tree status\n\ngrow, mark and tweak your common history\n   backfill   Download missing objects in a partial clone\n   branch     List, create, or delete branches\n   commit     Record changes to the repository\n   merge      Join two or more development histories together\n   rebase     Reapply commits on top of another base tip\n   reset      Reset current HEAD to the specified state\n   switch     Switch branches\n   tag        Create, list, delete or verify a tag object signed with GPG\n\ncollaborate (see also: git help workflows)\n   fetch      Download objects and refs from another repository\n   pull       Fetch from and integrate with another repository or a local branch\n   push       Update remote refs along with associated objects\n\n'git help -a' and 'git help -g' list available subcommands and some\nconcept guides. See 'git help <command>' or 'git help <concept>'\nto read about a specific subcommand or concept.\nSee 'git help git' for an overview of the system.\n""
[0m18:33:33.346078 [debug] [MainThread]: STDERR: "b''"
[0m18:33:33.347078 [info ] [MainThread]:  - git [[32mOK found[0m]

[0m18:33:33.347078 [info ] [MainThread]: Connection test skipped since no profile was found
[0m18:33:33.348077 [info ] [MainThread]: [31m2 checks failed:[0m
[0m18:33:33.348077 [info ] [MainThread]: Could not load dbt_project.yml
Profile loading failed for the following reason:
Runtime Error
  Credentials in profile "custom_postgres", target "dev" invalid: Runtime Error
    Could not find adapter type postgres!


[0m18:33:33.349078 [info ] [MainThread]: Project loading failed for the following reason:
 project path <C:\Users\olisa\dbt-project\dbt_project.yml> not found

[0m18:33:33.350078 [debug] [MainThread]: Command `dbt debug` failed at 18:33:33.350078 after 0.93 seconds
[0m18:33:33.350078 [debug] [MainThread]: Sending event: {'category': 'dbt', 'action': 'invocation', 'label': 'end', 'context': [<snowplow_tracker.self_describing_json.SelfDescribingJson object at 0x000001EEF1E61C10>, <snowplow_tracker.self_describing_json.SelfDescribingJson object at 0x000001EEA4CC45B0>, <snowplow_tracker.self_describing_json.SelfDescribingJson object at 0x000001EEA4CDAE50>]}
[0m18:33:33.351077 [debug] [MainThread]: Flushing usage events
[0m18:33:33.486219 [debug] [MainThread]: An error was encountered while trying to flush usage events
[0m18:45:34.399970 [debug] [MainThread]: Sending event: {'category': 'dbt', 'action': 'invocation', 'label': 'start', 'context': [<snowplow_tracker.self_describing_json.SelfDescribingJson object at 0x0000015C82D22C40>, <snowplow_tracker.self_describing_json.SelfDescribingJson object at 0x0000015C83A884F0>, <snowplow_tracker.self_describing_json.SelfDescribingJson object at 0x0000015C83A882E0>]}


============================== 18:45:34.403973 | 6a9985d2-9620-4734-9108-d27f4bfad4be ==============================
[0m18:45:34.403973 [info ] [MainThread]: Running with dbt=1.9.2
[0m18:45:34.404973 [debug] [MainThread]: running dbt with arguments {'printer_width': '80', 'indirect_selection': 'eager', 'log_cache_events': 'False', 'write_json': 'True', 'partial_parse': 'True', 'cache_selected_only': 'False', 'warn_error': 'None', 'version_check': 'True', 'debug': 'False', 'log_path': 'logs', 'fail_fast': 'False', 'profiles_dir': 'C:\\Users\\olisa\\.dbt', 'use_colors': 'True', 'use_experimental_parser': 'False', 'no_print': 'None', 'quiet': 'False', 'empty': 'None', 'warn_error_options': 'WarnErrorOptions(include=[], exclude=[])', 'introspect': 'True', 'static_parser': 'True', 'log_format': 'default', 'target_path': 'None', 'invocation_command': 'dbt debug', 'send_anonymous_usage_stats': 'True'}
[0m18:45:34.422014 [info ] [MainThread]: dbt version: 1.9.2
[0m18:45:34.422014 [info ] [MainThread]: python version: 3.9.13
[0m18:45:34.423002 [info ] [MainThread]: python path: C:\Users\olisa\dbt-project\.venv\Scripts\python.exe
[0m18:45:34.424002 [info ] [MainThread]: os info: Windows-10-10.0.26100-SP0
[0m18:45:34.428539 [info ] [MainThread]: Error importing adapter: No module named 'dbt.adapters.postgres'
[0m18:45:35.289392 [info ] [MainThread]: Using profiles dir at C:\Users\olisa\.dbt
[0m18:45:35.290391 [info ] [MainThread]: Using profiles.yml file at C:\Users\olisa\.dbt\profiles.yml
[0m18:45:35.290391 [info ] [MainThread]: Using dbt_project.yml file at C:\Users\olisa\dbt-project\dbt_project.yml
[0m18:45:35.291712 [info ] [MainThread]: Configuration:
[0m18:45:35.292712 [info ] [MainThread]:   profiles.yml file [[31mERROR invalid[0m]
[0m18:45:35.292712 [info ] [MainThread]:   dbt_project.yml file [[31mERROR not found[0m]
[0m18:45:35.293711 [info ] [MainThread]: Required dependencies:
[0m18:45:35.293711 [debug] [MainThread]: Executing "git --help"
[0m18:45:35.366431 [debug] [MainThread]: STDOUT: "b"usage: git [-v | --version] [-h | --help] [-C <path>] [-c <name>=<value>]\n           [--exec-path[=<path>]] [--html-path] [--man-path] [--info-path]\n           [-p | --paginate | -P | --no-pager] [--no-replace-objects] [--no-lazy-fetch]\n           [--no-optional-locks] [--no-advice] [--bare] [--git-dir=<path>]\n           [--work-tree=<path>] [--namespace=<name>] [--config-env=<name>=<envvar>]\n           <command> [<args>]\n\nThese are common Git commands used in various situations:\n\nstart a working area (see also: git help tutorial)\n   clone      Clone a repository into a new directory\n   init       Create an empty Git repository or reinitialize an existing one\n\nwork on the current change (see also: git help everyday)\n   add        Add file contents to the index\n   mv         Move or rename a file, a directory, or a symlink\n   restore    Restore working tree files\n   rm         Remove files from the working tree and from the index\n\nexamine the history and state (see also: git help revisions)\n   bisect     Use binary search to find the commit that introduced a bug\n   diff       Show changes between commits, commit and working tree, etc\n   grep       Print lines matching a pattern\n   log        Show commit logs\n   show       Show various types of objects\n   status     Show the working tree status\n\ngrow, mark and tweak your common history\n   backfill   Download missing objects in a partial clone\n   branch     List, create, or delete branches\n   commit     Record changes to the repository\n   merge      Join two or more development histories together\n   rebase     Reapply commits on top of another base tip\n   reset      Reset current HEAD to the specified state\n   switch     Switch branches\n   tag        Create, list, delete or verify a tag object signed with GPG\n\ncollaborate (see also: git help workflows)\n   fetch      Download objects and refs from another repository\n   pull       Fetch from and integrate with another repository or a local branch\n   push       Update remote refs along with associated objects\n\n'git help -a' and 'git help -g' list available subcommands and some\nconcept guides. See 'git help <command>' or 'git help <concept>'\nto read about a specific subcommand or concept.\nSee 'git help git' for an overview of the system.\n""
[0m18:45:35.367431 [debug] [MainThread]: STDERR: "b''"
[0m18:45:35.367431 [info ] [MainThread]:  - git [[32mOK found[0m]

[0m18:45:35.368428 [info ] [MainThread]: Connection test skipped since no profile was found
[0m18:45:35.368933 [info ] [MainThread]: [31m2 checks failed:[0m
[0m18:45:35.368933 [info ] [MainThread]: Could not load dbt_project.yml
Profile loading failed for the following reason:
Runtime Error
  Credentials in profile "custom_postgres", target "dev" invalid: Runtime Error
    Could not find adapter type postgres!


[0m18:45:35.369939 [info ] [MainThread]: Project loading failed for the following reason:
 project path <C:\Users\olisa\dbt-project\dbt_project.yml> not found

[0m18:45:35.370945 [debug] [MainThread]: Command `dbt debug` failed at 18:45:35.370945 after 1.07 seconds
[0m18:45:35.371955 [debug] [MainThread]: Sending event: {'category': 'dbt', 'action': 'invocation', 'label': 'end', 'context': [<snowplow_tracker.self_describing_json.SelfDescribingJson object at 0x0000015C82D22C40>, <snowplow_tracker.self_describing_json.SelfDescribingJson object at 0x0000015CB5BDF0D0>, <snowplow_tracker.self_describing_json.SelfDescribingJson object at 0x0000015CB5C17D00>]}
[0m18:45:35.371955 [debug] [MainThread]: Flushing usage events
[0m18:45:35.498152 [debug] [MainThread]: An error was encountered while trying to flush usage events
[0m18:46:06.695156 [debug] [MainThread]: Sending event: {'category': 'dbt', 'action': 'invocation', 'label': 'start', 'context': [<snowplow_tracker.self_describing_json.SelfDescribingJson object at 0x00000164C1981CA0>, <snowplow_tracker.self_describing_json.SelfDescribingJson object at 0x00000164C37175B0>, <snowplow_tracker.self_describing_json.SelfDescribingJson object at 0x00000164C37173A0>]}


============================== 18:46:06.698667 | a00129a6-c377-45b0-a4bc-8f97ab5d4048 ==============================
[0m18:46:06.698667 [info ] [MainThread]: Running with dbt=1.9.2
[0m18:46:06.698667 [debug] [MainThread]: running dbt with arguments {'printer_width': '80', 'indirect_selection': 'eager', 'log_cache_events': 'False', 'write_json': 'True', 'partial_parse': 'True', 'cache_selected_only': 'False', 'profiles_dir': 'C:\\Users\\olisa\\.dbt', 'version_check': 'True', 'warn_error': 'None', 'log_path': 'logs', 'fail_fast': 'False', 'debug': 'False', 'use_colors': 'True', 'use_experimental_parser': 'False', 'no_print': 'None', 'quiet': 'False', 'empty': 'None', 'warn_error_options': 'WarnErrorOptions(include=[], exclude=[])', 'introspect': 'True', 'static_parser': 'True', 'invocation_command': 'dbt debug', 'target_path': 'None', 'log_format': 'default', 'send_anonymous_usage_stats': 'True'}
[0m18:46:06.714436 [info ] [MainThread]: dbt version: 1.9.2
[0m18:46:06.715436 [info ] [MainThread]: python version: 3.9.13
[0m18:46:06.716437 [info ] [MainThread]: python path: C:\Users\olisa\dbt-project\.venv\Scripts\python.exe
[0m18:46:06.716437 [info ] [MainThread]: os info: Windows-10-10.0.26100-SP0
[0m18:46:07.449272 [info ] [MainThread]: Using profiles dir at C:\Users\olisa\.dbt
[0m18:46:07.449272 [info ] [MainThread]: Using profiles.yml file at C:\Users\olisa\.dbt\profiles.yml
[0m18:46:07.450482 [info ] [MainThread]: Using dbt_project.yml file at C:\Users\olisa\dbt-project\dbt_project.yml
[0m18:46:07.450482 [info ] [MainThread]: adapter type: bigquery
[0m18:46:07.451487 [info ] [MainThread]: adapter version: 1.9.1
[0m18:46:07.452486 [info ] [MainThread]: Configuration:
[0m18:46:07.452486 [info ] [MainThread]:   profiles.yml file [[32mOK found and valid[0m]
[0m18:46:07.453487 [info ] [MainThread]:   dbt_project.yml file [[31mERROR not found[0m]
[0m18:46:07.454486 [info ] [MainThread]: Required dependencies:
[0m18:46:07.454486 [debug] [MainThread]: Executing "git --help"
[0m18:46:07.502186 [debug] [MainThread]: STDOUT: "b"usage: git [-v | --version] [-h | --help] [-C <path>] [-c <name>=<value>]\n           [--exec-path[=<path>]] [--html-path] [--man-path] [--info-path]\n           [-p | --paginate | -P | --no-pager] [--no-replace-objects] [--no-lazy-fetch]\n           [--no-optional-locks] [--no-advice] [--bare] [--git-dir=<path>]\n           [--work-tree=<path>] [--namespace=<name>] [--config-env=<name>=<envvar>]\n           <command> [<args>]\n\nThese are common Git commands used in various situations:\n\nstart a working area (see also: git help tutorial)\n   clone      Clone a repository into a new directory\n   init       Create an empty Git repository or reinitialize an existing one\n\nwork on the current change (see also: git help everyday)\n   add        Add file contents to the index\n   mv         Move or rename a file, a directory, or a symlink\n   restore    Restore working tree files\n   rm         Remove files from the working tree and from the index\n\nexamine the history and state (see also: git help revisions)\n   bisect     Use binary search to find the commit that introduced a bug\n   diff       Show changes between commits, commit and working tree, etc\n   grep       Print lines matching a pattern\n   log        Show commit logs\n   show       Show various types of objects\n   status     Show the working tree status\n\ngrow, mark and tweak your common history\n   backfill   Download missing objects in a partial clone\n   branch     List, create, or delete branches\n   commit     Record changes to the repository\n   merge      Join two or more development histories together\n   rebase     Reapply commits on top of another base tip\n   reset      Reset current HEAD to the specified state\n   switch     Switch branches\n   tag        Create, list, delete or verify a tag object signed with GPG\n\ncollaborate (see also: git help workflows)\n   fetch      Download objects and refs from another repository\n   pull       Fetch from and integrate with another repository or a local branch\n   push       Update remote refs along with associated objects\n\n'git help -a' and 'git help -g' list available subcommands and some\nconcept guides. See 'git help <command>' or 'git help <concept>'\nto read about a specific subcommand or concept.\nSee 'git help git' for an overview of the system.\n""
[0m18:46:07.503198 [debug] [MainThread]: STDERR: "b''"
[0m18:46:07.503198 [info ] [MainThread]:  - git [[32mOK found[0m]

[0m18:46:07.504186 [info ] [MainThread]: Connection:
[0m18:46:07.504186 [info ] [MainThread]:   method: service-account
[0m18:46:07.505185 [info ] [MainThread]:   database: dbt-project-451523
[0m18:46:07.506184 [info ] [MainThread]:   execution_project: dbt-project-451523
[0m18:46:07.506184 [info ] [MainThread]:   schema: dbt-project
[0m18:46:07.507261 [info ] [MainThread]:   location: US
[0m18:46:07.508238 [info ] [MainThread]:   priority: interactive
[0m18:46:07.508238 [info ] [MainThread]:   maximum_bytes_billed: None
[0m18:46:07.509277 [info ] [MainThread]:   impersonate_service_account: None
[0m18:46:07.509277 [info ] [MainThread]:   job_retry_deadline_seconds: None
[0m18:46:07.509277 [info ] [MainThread]:   job_retries: 1
[0m18:46:07.510276 [info ] [MainThread]:   job_creation_timeout_seconds: None
[0m18:46:07.512347 [info ] [MainThread]:   job_execution_timeout_seconds: 300
[0m18:46:07.513347 [info ] [MainThread]:   timeout_seconds: 300
[0m18:46:07.513347 [info ] [MainThread]:   client_id: None
[0m18:46:07.514348 [info ] [MainThread]:   token_uri: None
[0m18:46:07.514348 [info ] [MainThread]:   dataproc_region: None
[0m18:46:07.515348 [info ] [MainThread]:   dataproc_cluster_name: None
[0m18:46:07.516348 [info ] [MainThread]:   gcs_bucket: None
[0m18:46:07.516348 [info ] [MainThread]:   dataproc_batch: None
[0m18:46:07.517347 [info ] [MainThread]: Registered adapter: bigquery=1.9.1
[0m18:46:08.100260 [debug] [MainThread]: Acquiring new bigquery connection 'debug'
[0m18:46:08.100260 [debug] [MainThread]: On debug: select 1 as id
[0m18:46:08.101260 [debug] [MainThread]: Opening a new connection, currently in state init
[0m18:46:09.205312 [debug] [MainThread]: BigQuery adapter: https://console.cloud.google.com/bigquery?project=dbt-project-451523&j=bq:US:69b6bb93-6b4d-4c98-9b8a-bcfe1b7afd77&page=queryresults
[0m18:46:09.743176 [info ] [MainThread]:   Connection test: [[32mOK connection ok[0m]

[0m18:46:09.745180 [info ] [MainThread]: [31m1 check failed:[0m
[0m18:46:09.745180 [info ] [MainThread]: Project loading failed for the following reason:
 project path <C:\Users\olisa\dbt-project\dbt_project.yml> not found

[0m18:46:09.747193 [debug] [MainThread]: Command `dbt debug` failed at 18:46:09.747193 after 3.14 seconds
[0m18:46:09.747193 [debug] [MainThread]: Connection 'debug' was properly closed.
[0m18:46:09.748179 [debug] [MainThread]: Sending event: {'category': 'dbt', 'action': 'invocation', 'label': 'end', 'context': [<snowplow_tracker.self_describing_json.SelfDescribingJson object at 0x00000164C1981CA0>, <snowplow_tracker.self_describing_json.SelfDescribingJson object at 0x00000164F486D4C0>, <snowplow_tracker.self_describing_json.SelfDescribingJson object at 0x00000164C37173D0>]}
[0m18:46:09.748179 [debug] [MainThread]: Flushing usage events
[0m18:46:09.831151 [debug] [MainThread]: An error was encountered while trying to flush usage events
[0m18:46:49.991777 [debug] [MainThread]: Sending event: {'category': 'dbt', 'action': 'invocation', 'label': 'start', 'context': [<snowplow_tracker.self_describing_json.SelfDescribingJson object at 0x0000022778621C10>, <snowplow_tracker.self_describing_json.SelfDescribingJson object at 0x000002277A3895B0>, <snowplow_tracker.self_describing_json.SelfDescribingJson object at 0x000002277A3893A0>]}


============================== 18:46:49.995300 | a8384427-8000-4e09-9f7f-d22e6f808881 ==============================
[0m18:46:49.995300 [info ] [MainThread]: Running with dbt=1.9.2
[0m18:46:49.996483 [debug] [MainThread]: running dbt with arguments {'printer_width': '80', 'indirect_selection': 'eager', 'write_json': 'True', 'log_cache_events': 'False', 'partial_parse': 'True', 'cache_selected_only': 'False', 'warn_error': 'None', 'fail_fast': 'False', 'version_check': 'True', 'log_path': 'logs', 'profiles_dir': 'C:\\Users\\olisa\\.dbt', 'debug': 'False', 'use_colors': 'True', 'use_experimental_parser': 'False', 'no_print': 'None', 'quiet': 'False', 'empty': 'None', 'warn_error_options': 'WarnErrorOptions(include=[], exclude=[])', 'static_parser': 'True', 'invocation_command': 'dbt debug', 'introspect': 'True', 'target_path': 'None', 'log_format': 'default', 'send_anonymous_usage_stats': 'True'}
[0m18:46:50.015310 [info ] [MainThread]: dbt version: 1.9.2
[0m18:46:50.016310 [info ] [MainThread]: python version: 3.9.13
[0m18:46:50.016310 [info ] [MainThread]: python path: C:\Users\olisa\dbt-project\.venv\Scripts\python.exe
[0m18:46:50.017553 [info ] [MainThread]: os info: Windows-10-10.0.26100-SP0
[0m18:46:50.743983 [info ] [MainThread]: Using profiles dir at C:\Users\olisa\.dbt
[0m18:46:50.745495 [info ] [MainThread]: Using profiles.yml file at C:\Users\olisa\.dbt\profiles.yml
[0m18:46:50.747304 [info ] [MainThread]: Using dbt_project.yml file at C:\Users\olisa\dbt-project\dbt_project.yml
[0m18:46:50.748308 [info ] [MainThread]: adapter type: bigquery
[0m18:46:50.749309 [info ] [MainThread]: adapter version: 1.9.1
[0m18:46:50.750318 [info ] [MainThread]: Configuration:
[0m18:46:50.751309 [info ] [MainThread]:   profiles.yml file [[32mOK found and valid[0m]
[0m18:46:50.752309 [info ] [MainThread]:   dbt_project.yml file [[31mERROR not found[0m]
[0m18:46:50.753308 [info ] [MainThread]: Required dependencies:
[0m18:46:50.753308 [debug] [MainThread]: Executing "git --help"
[0m18:46:50.805239 [debug] [MainThread]: STDOUT: "b"usage: git [-v | --version] [-h | --help] [-C <path>] [-c <name>=<value>]\n           [--exec-path[=<path>]] [--html-path] [--man-path] [--info-path]\n           [-p | --paginate | -P | --no-pager] [--no-replace-objects] [--no-lazy-fetch]\n           [--no-optional-locks] [--no-advice] [--bare] [--git-dir=<path>]\n           [--work-tree=<path>] [--namespace=<name>] [--config-env=<name>=<envvar>]\n           <command> [<args>]\n\nThese are common Git commands used in various situations:\n\nstart a working area (see also: git help tutorial)\n   clone      Clone a repository into a new directory\n   init       Create an empty Git repository or reinitialize an existing one\n\nwork on the current change (see also: git help everyday)\n   add        Add file contents to the index\n   mv         Move or rename a file, a directory, or a symlink\n   restore    Restore working tree files\n   rm         Remove files from the working tree and from the index\n\nexamine the history and state (see also: git help revisions)\n   bisect     Use binary search to find the commit that introduced a bug\n   diff       Show changes between commits, commit and working tree, etc\n   grep       Print lines matching a pattern\n   log        Show commit logs\n   show       Show various types of objects\n   status     Show the working tree status\n\ngrow, mark and tweak your common history\n   backfill   Download missing objects in a partial clone\n   branch     List, create, or delete branches\n   commit     Record changes to the repository\n   merge      Join two or more development histories together\n   rebase     Reapply commits on top of another base tip\n   reset      Reset current HEAD to the specified state\n   switch     Switch branches\n   tag        Create, list, delete or verify a tag object signed with GPG\n\ncollaborate (see also: git help workflows)\n   fetch      Download objects and refs from another repository\n   pull       Fetch from and integrate with another repository or a local branch\n   push       Update remote refs along with associated objects\n\n'git help -a' and 'git help -g' list available subcommands and some\nconcept guides. See 'git help <command>' or 'git help <concept>'\nto read about a specific subcommand or concept.\nSee 'git help git' for an overview of the system.\n""
[0m18:46:50.806206 [debug] [MainThread]: STDERR: "b''"
[0m18:46:50.806206 [info ] [MainThread]:  - git [[32mOK found[0m]

[0m18:46:50.807335 [info ] [MainThread]: Connection:
[0m18:46:50.808211 [info ] [MainThread]:   method: service-account
[0m18:46:50.809209 [info ] [MainThread]:   database: dbt-project-451523
[0m18:46:50.809209 [info ] [MainThread]:   execution_project: dbt-project-451523
[0m18:46:50.810277 [info ] [MainThread]:   schema: dbt-project
[0m18:46:50.813285 [info ] [MainThread]:   location: US
[0m18:46:50.814287 [info ] [MainThread]:   priority: interactive
[0m18:46:50.814287 [info ] [MainThread]:   maximum_bytes_billed: None
[0m18:46:50.815357 [info ] [MainThread]:   impersonate_service_account: None
[0m18:46:50.816206 [info ] [MainThread]:   job_retry_deadline_seconds: None
[0m18:46:50.817204 [info ] [MainThread]:   job_retries: 1
[0m18:46:50.818268 [info ] [MainThread]:   job_creation_timeout_seconds: None
[0m18:46:50.819328 [info ] [MainThread]:   job_execution_timeout_seconds: 300
[0m18:46:50.822485 [info ] [MainThread]:   timeout_seconds: 300
[0m18:46:50.823491 [info ] [MainThread]:   client_id: None
[0m18:46:50.823491 [info ] [MainThread]:   token_uri: None
[0m18:46:50.826426 [info ] [MainThread]:   dataproc_region: None
[0m18:46:50.826426 [info ] [MainThread]:   dataproc_cluster_name: None
[0m18:46:50.826426 [info ] [MainThread]:   gcs_bucket: None
[0m18:46:50.828347 [info ] [MainThread]:   dataproc_batch: None
[0m18:46:50.829472 [info ] [MainThread]: Registered adapter: bigquery=1.9.1
[0m18:46:51.388340 [debug] [MainThread]: Acquiring new bigquery connection 'debug'
[0m18:46:51.388340 [debug] [MainThread]: On debug: select 1 as id
[0m18:46:51.389282 [debug] [MainThread]: Opening a new connection, currently in state init
[0m18:46:51.912444 [debug] [MainThread]: BigQuery adapter: https://console.cloud.google.com/bigquery?project=dbt-project-451523&j=bq:US:89cac775-7023-4a4b-91f8-0569f3bc8761&page=queryresults
[0m18:46:52.398240 [info ] [MainThread]:   Connection test: [[32mOK connection ok[0m]

[0m18:46:52.399239 [info ] [MainThread]: [31m1 check failed:[0m
[0m18:46:52.400240 [info ] [MainThread]: Project loading failed for the following reason:
 project path <C:\Users\olisa\dbt-project\dbt_project.yml> not found

[0m18:46:52.401240 [debug] [MainThread]: Command `dbt debug` failed at 18:46:52.401240 after 2.50 seconds
[0m18:46:52.402246 [debug] [MainThread]: Connection 'debug' was properly closed.
[0m18:46:52.402246 [debug] [MainThread]: Sending event: {'category': 'dbt', 'action': 'invocation', 'label': 'end', 'context': [<snowplow_tracker.self_describing_json.SelfDescribingJson object at 0x0000022778621C10>, <snowplow_tracker.self_describing_json.SelfDescribingJson object at 0x000002277691BBE0>, <snowplow_tracker.self_describing_json.SelfDescribingJson object at 0x00000227814F99A0>]}
[0m18:46:52.403548 [debug] [MainThread]: Flushing usage events
[0m18:46:52.552567 [debug] [MainThread]: An error was encountered while trying to flush usage events
[0m18:48:45.183183 [debug] [MainThread]: Sending event: {'category': 'dbt', 'action': 'invocation', 'label': 'start', 'context': [<snowplow_tracker.self_describing_json.SelfDescribingJson object at 0x000001BCE9D30CA0>, <snowplow_tracker.self_describing_json.SelfDescribingJson object at 0x000001BCEAA975B0>, <snowplow_tracker.self_describing_json.SelfDescribingJson object at 0x000001BCEAA973A0>]}


============================== 18:48:45.185712 | 3e361196-819b-4bf1-9650-9a407bf9e1e0 ==============================
[0m18:48:45.185712 [info ] [MainThread]: Running with dbt=1.9.2
[0m18:48:45.186722 [debug] [MainThread]: running dbt with arguments {'printer_width': '80', 'indirect_selection': 'eager', 'write_json': 'True', 'log_cache_events': 'False', 'partial_parse': 'True', 'cache_selected_only': 'False', 'profiles_dir': 'C:\\Users\\olisa\\.dbt', 'version_check': 'True', 'fail_fast': 'False', 'log_path': 'logs', 'debug': 'False', 'warn_error': 'None', 'use_colors': 'True', 'use_experimental_parser': 'False', 'empty': 'None', 'quiet': 'False', 'no_print': 'None', 'warn_error_options': 'WarnErrorOptions(include=[], exclude=[])', 'invocation_command': 'dbt debug', 'static_parser': 'True', 'introspect': 'True', 'target_path': 'None', 'log_format': 'default', 'send_anonymous_usage_stats': 'True'}
[0m18:48:45.203380 [info ] [MainThread]: dbt version: 1.9.2
[0m18:48:45.204370 [info ] [MainThread]: python version: 3.9.13
[0m18:48:45.205370 [info ] [MainThread]: python path: C:\Users\olisa\dbt-project\.venv\Scripts\python.exe
[0m18:48:45.206379 [info ] [MainThread]: os info: Windows-10-10.0.26100-SP0
[0m18:48:45.974368 [info ] [MainThread]: Using profiles dir at C:\Users\olisa\.dbt
[0m18:48:45.975369 [info ] [MainThread]: Using profiles.yml file at C:\Users\olisa\.dbt\profiles.yml
[0m18:48:45.976368 [info ] [MainThread]: Using dbt_project.yml file at C:\Users\olisa\dbt-project\dbt_project.yml
[0m18:48:45.977367 [info ] [MainThread]: adapter type: bigquery
[0m18:48:45.977367 [info ] [MainThread]: adapter version: 1.9.1
[0m18:48:45.978376 [info ] [MainThread]: Configuration:
[0m18:48:45.978376 [info ] [MainThread]:   profiles.yml file [[32mOK found and valid[0m]
[0m18:48:45.979883 [info ] [MainThread]:   dbt_project.yml file [[31mERROR not found[0m]
[0m18:48:45.979883 [info ] [MainThread]: Required dependencies:
[0m18:48:45.981396 [debug] [MainThread]: Executing "git --help"
[0m18:48:46.045544 [debug] [MainThread]: STDOUT: "b"usage: git [-v | --version] [-h | --help] [-C <path>] [-c <name>=<value>]\n           [--exec-path[=<path>]] [--html-path] [--man-path] [--info-path]\n           [-p | --paginate | -P | --no-pager] [--no-replace-objects] [--no-lazy-fetch]\n           [--no-optional-locks] [--no-advice] [--bare] [--git-dir=<path>]\n           [--work-tree=<path>] [--namespace=<name>] [--config-env=<name>=<envvar>]\n           <command> [<args>]\n\nThese are common Git commands used in various situations:\n\nstart a working area (see also: git help tutorial)\n   clone      Clone a repository into a new directory\n   init       Create an empty Git repository or reinitialize an existing one\n\nwork on the current change (see also: git help everyday)\n   add        Add file contents to the index\n   mv         Move or rename a file, a directory, or a symlink\n   restore    Restore working tree files\n   rm         Remove files from the working tree and from the index\n\nexamine the history and state (see also: git help revisions)\n   bisect     Use binary search to find the commit that introduced a bug\n   diff       Show changes between commits, commit and working tree, etc\n   grep       Print lines matching a pattern\n   log        Show commit logs\n   show       Show various types of objects\n   status     Show the working tree status\n\ngrow, mark and tweak your common history\n   backfill   Download missing objects in a partial clone\n   branch     List, create, or delete branches\n   commit     Record changes to the repository\n   merge      Join two or more development histories together\n   rebase     Reapply commits on top of another base tip\n   reset      Reset current HEAD to the specified state\n   switch     Switch branches\n   tag        Create, list, delete or verify a tag object signed with GPG\n\ncollaborate (see also: git help workflows)\n   fetch      Download objects and refs from another repository\n   pull       Fetch from and integrate with another repository or a local branch\n   push       Update remote refs along with associated objects\n\n'git help -a' and 'git help -g' list available subcommands and some\nconcept guides. See 'git help <command>' or 'git help <concept>'\nto read about a specific subcommand or concept.\nSee 'git help git' for an overview of the system.\n""
[0m18:48:46.046566 [debug] [MainThread]: STDERR: "b''"
[0m18:48:46.046566 [info ] [MainThread]:  - git [[32mOK found[0m]

[0m18:48:46.047604 [info ] [MainThread]: Connection:
[0m18:48:46.048624 [info ] [MainThread]:   method: service-account
[0m18:48:46.048624 [info ] [MainThread]:   database: dbt-project-451523
[0m18:48:46.048624 [info ] [MainThread]:   execution_project: dbt-project-451523
[0m18:48:46.050209 [info ] [MainThread]:   schema: dbt-project
[0m18:48:46.050209 [info ] [MainThread]:   location: US
[0m18:48:46.051249 [info ] [MainThread]:   priority: interactive
[0m18:48:46.052297 [info ] [MainThread]:   maximum_bytes_billed: None
[0m18:48:46.052297 [info ] [MainThread]:   impersonate_service_account: None
[0m18:48:46.053340 [info ] [MainThread]:   job_retry_deadline_seconds: None
[0m18:48:46.054279 [info ] [MainThread]:   job_retries: 1
[0m18:48:46.054279 [info ] [MainThread]:   job_creation_timeout_seconds: None
[0m18:48:46.055231 [info ] [MainThread]:   job_execution_timeout_seconds: 300
[0m18:48:46.056227 [info ] [MainThread]:   timeout_seconds: 300
[0m18:48:46.056227 [info ] [MainThread]:   client_id: None
[0m18:48:46.057239 [info ] [MainThread]:   token_uri: None
[0m18:48:46.058234 [info ] [MainThread]:   dataproc_region: None
[0m18:48:46.058234 [info ] [MainThread]:   dataproc_cluster_name: None
[0m18:48:46.059214 [info ] [MainThread]:   gcs_bucket: None
[0m18:48:46.059214 [info ] [MainThread]:   dataproc_batch: None
[0m18:48:46.060514 [info ] [MainThread]: Registered adapter: bigquery=1.9.1
[0m18:48:46.647373 [debug] [MainThread]: Acquiring new bigquery connection 'debug'
[0m18:48:46.648373 [debug] [MainThread]: On debug: select 1 as id
[0m18:48:46.648373 [debug] [MainThread]: Opening a new connection, currently in state init
[0m18:48:47.154345 [debug] [MainThread]: BigQuery adapter: https://console.cloud.google.com/bigquery?project=dbt-project-451523&j=bq:US:74a32b35-cd63-4211-83fe-61ed398e47bf&page=queryresults
[0m18:48:47.661518 [info ] [MainThread]:   Connection test: [[32mOK connection ok[0m]

[0m18:48:47.662496 [info ] [MainThread]: [31m1 check failed:[0m
[0m18:48:47.662496 [info ] [MainThread]: Project loading failed for the following reason:
 project path <C:\Users\olisa\dbt-project\dbt_project.yml> not found

[0m18:48:47.664497 [debug] [MainThread]: Command `dbt debug` failed at 18:48:47.664497 after 2.57 seconds
[0m18:48:47.664497 [debug] [MainThread]: Connection 'debug' was properly closed.
[0m18:48:47.665606 [debug] [MainThread]: Sending event: {'category': 'dbt', 'action': 'invocation', 'label': 'end', 'context': [<snowplow_tracker.self_describing_json.SelfDescribingJson object at 0x000001BCE9D30CA0>, <snowplow_tracker.self_describing_json.SelfDescribingJson object at 0x000001BCEAA48DC0>, <snowplow_tracker.self_describing_json.SelfDescribingJson object at 0x000001BCEAA529A0>]}
[0m18:48:47.665606 [debug] [MainThread]: Flushing usage events
[0m18:48:47.785627 [debug] [MainThread]: An error was encountered while trying to flush usage events
